AmazonCognitoYourUserPoolsDemo/app/build/intermediates/manifest_merge_blame_file/debug/manifest-merger-blame-debug-report.txt
1<?xml version="1.0" encoding="utf-8"?>
2<manifest xmlns:android="http://schemas.android.com/apk/res/android"
3    package="com.amazonaws.youruserpools.CognitoYourUserPoolsDemo"
4    android:versionCode="1"
5    android:versionName="1.0" >
6
7    <uses-sdk
8        android:minSdkVersion="21"
8-->src\main\AndroidManifest.xml
9        android:targetSdkVersion="28" />
9-->src\main\AndroidManifest.xml
10
11    <uses-permission android:name="android.permission.INTERNET" />
11-->src\main\AndroidManifest.xml:5:5-67
11-->src\main\AndroidManifest.xml:5:22-64
12    <uses-permission android:name="android.permission.ACCESS_NETWORK_STATE" />
12-->src\main\AndroidManifest.xml:6:5-79
12-->src\main\AndroidManifest.xml:6:22-76
13
14    <application
14-->src\main\AndroidManifest.xml:8:5-70:19
15        android:allowBackup="true"
15-->src\main\AndroidManifest.xml:9:9-35
16        android:debuggable="true"
17        android:icon="@mipmap/cognito"
17-->src\main\AndroidManifest.xml:10:9-39
18        android:label="@string/app_name"
18-->src\main\AndroidManifest.xml:11:9-41
19        android:supportsRtl="true"
19-->src\main\AndroidManifest.xml:12:9-35
20        android:testOnly="true"
21        android:theme="@style/AppTheme" >
21-->src\main\AndroidManifest.xml:13:9-40
22        <activity
22-->src\main\AndroidManifest.xml:14:9-22:20
23            android:name="com.amazonaws.youruserpools.MainActivity"
23-->src\main\AndroidManifest.xml:15:13-68
24            android:theme="@style/AppTheme.NoActionBar" >
24-->src\main\AndroidManifest.xml:16:13-56
25            <intent-filter>
25-->src\main\AndroidManifest.xml:17:13-21:29
26                <action android:name="android.intent.action.MAIN" />
26-->src\main\AndroidManifest.xml:18:17-69
26-->src\main\AndroidManifest.xml:18:25-66
27
28                <category android:name="android.intent.category.LAUNCHER" />
28-->src\main\AndroidManifest.xml:20:17-77
28-->src\main\AndroidManifest.xml:20:27-74
29            </intent-filter>
30        </activity>
31        <activity
31-->src\main\AndroidManifest.xml:23:9-26:59
32            android:name="com.amazonaws.youruserpools.UserActivity"
32-->src\main\AndroidManifest.xml:24:13-68
33            android:label="@string/title_activity_user"
33-->src\main\AndroidManifest.xml:25:13-56
34            android:theme="@style/AppTheme.NoActionBar" />
34-->src\main\AndroidManifest.xml:26:13-56
35        <activity
35-->src\main\AndroidManifest.xml:27:9-29:59
36            android:name="com.amazonaws.youruserpools.RegisterUser"
36-->src\main\AndroidManifest.xml:28:13-68
37            android:theme="@style/AppTheme.NoActionBar" />
37-->src\main\AndroidManifest.xml:29:13-56
38        <activity
38-->src\main\AndroidManifest.xml:30:9-33:59
39            android:name="com.amazonaws.youruserpools.SignUpConfirm"
39-->src\main\AndroidManifest.xml:31:13-69
40            android:label="@string/title_activity_sign_up_confirm"
40-->src\main\AndroidManifest.xml:32:13-67
41            android:theme="@style/AppTheme.NoActionBar" />
41-->src\main\AndroidManifest.xml:33:13-56
42        <activity
42-->src\main\AndroidManifest.xml:34:9-37:59
43            android:name="com.amazonaws.youruserpools.MFAActivity"
43-->src\main\AndroidManifest.xml:35:13-67
44            android:label="@string/title_activity_mfa"
44-->src\main\AndroidManifest.xml:36:13-55
45            android:theme="@style/AppTheme.NoActionBar" />
45-->src\main\AndroidManifest.xml:37:13-56
46        <activity
46-->src\main\AndroidManifest.xml:38:9-41:59
47            android:name="com.amazonaws.youruserpools.ForgotPasswordActivity"
47-->src\main\AndroidManifest.xml:39:13-78
48            android:label="@string/title_activity_forgot_password"
48-->src\main\AndroidManifest.xml:40:13-67
49            android:theme="@style/AppTheme.NoActionBar" />
49-->src\main\AndroidManifest.xml:41:13-56
50        <activity
50-->src\main\AndroidManifest.xml:42:9-45:59
51            android:name="com.amazonaws.youruserpools.SettingsActivity"
51-->src\main\AndroidManifest.xml:43:13-72
52            android:label="@string/title_activity_settings"
52-->src\main\AndroidManifest.xml:44:13-60
53            android:theme="@style/AppTheme.NoActionBar" />
53-->src\main\AndroidManifest.xml:45:13-56
54        <activity
54-->src\main\AndroidManifest.xml:46:9-49:59
55            android:name="com.amazonaws.youruserpools.ChangePasswordActivity"
55-->src\main\AndroidManifest.xml:47:13-78
56            android:label="@string/title_activity_change_password"
56-->src\main\AndroidManifest.xml:48:13-67
57            android:theme="@style/AppTheme.NoActionBar" />
57-->src\main\AndroidManifest.xml:49:13-56
58        <activity
58-->src\main\AndroidManifest.xml:50:9-53:59
59            android:name="com.amazonaws.youruserpools.VerifyActivity"
59-->src\main\AndroidManifest.xml:51:13-70
60            android:label="@string/title_activity_verify"
60-->src\main\AndroidManifest.xml:52:13-58
61            android:theme="@style/AppTheme.NoActionBar" />
61-->src\main\AndroidManifest.xml:53:13-56
62        <activity
62-->src\main\AndroidManifest.xml:54:9-57:59
63            android:name="com.amazonaws.youruserpools.AddAttributeActivity"
63-->src\main\AndroidManifest.xml:55:13-76
64            android:label="@string/title_activity_add_attribute"
64-->src\main\AndroidManifest.xml:56:13-65
65            android:theme="@style/AppTheme.NoActionBar" />
65-->src\main\AndroidManifest.xml:57:13-56
66        <activity
66-->src\main\AndroidManifest.xml:58:9-61:59
67            android:name="com.amazonaws.youruserpools.DeviceSettings"
67-->src\main\AndroidManifest.xml:59:13-70
68            android:label="@string/title_activity_device_settings"
68-->src\main\AndroidManifest.xml:60:13-67
69            android:theme="@style/AppTheme.NoActionBar" />
69-->src\main\AndroidManifest.xml:61:13-56
70        <activity
70-->src\main\AndroidManifest.xml:62:9-65:59
71            android:name="com.amazonaws.youruserpools.NewPassword"
71-->src\main\AndroidManifest.xml:63:13-67
72            android:label="@string/title_activity_new_password"
72-->src\main\AndroidManifest.xml:64:13-64
73            android:theme="@style/AppTheme.NoActionBar" />
73-->src\main\AndroidManifest.xml:65:13-56
74        <activity
74-->src\main\AndroidManifest.xml:66:9-69:59
75            android:name="com.amazonaws.youruserpools.ChooseMFA"
75-->src\main\AndroidManifest.xml:67:13-65
76            android:label="@string/title_activity_choose_mfa"
76-->src\main\AndroidManifest.xml:68:13-62
77            android:theme="@style/AppTheme.NoActionBar" />
77-->src\main\AndroidManifest.xml:69:13-56
78    </application>
79
80</manifest>